Start testing: Jul 05 13:56 MSK
----------------------------------------------------------
1/191 Testing: mana pool pays colored and generic
1/191 Test: mana pool pays colored and generic
Command: "/home/temikgo/main/MyFiles/junk/prism/build-debug/engine/prism_tests" "--test-case=mana pool pays colored and generic"
Directory: /home/temikgo/main/MyFiles/junk/prism/build-debug/engine
"mana pool pays colored and generic" start time: Jul 05 13:56 MSK
Output:
----------------------------------------------------------
[doctest] doctest version is "2.4.11"
[doctest] run with "--help" for options
===============================================================================
[doctest] test cases: 1 | 1 passed | 0 failed | 184 skipped
[doctest] assertions: 3 | 3 passed | 0 failed |
[doctest] Status: SUCCESS!
<end of output>
Test time =   0.00 sec
----------------------------------------------------------
Test Passed.
"mana pool pays colored and generic" end time: Jul 05 13:56 MSK
"mana pool pays colored and generic" time elapsed: 00:00:00
----------------------------------------------------------

2/191 Testing: mana pool rejects when short
2/191 Test: mana pool rejects when short
Command: "/home/temikgo/main/MyFiles/junk/prism/build-debug/engine/prism_tests" "--test-case=mana pool rejects when short"
Directory: /home/temikgo/main/MyFiles/junk/prism/build-debug/engine
"mana pool rejects when short" start time: Jul 05 13:56 MSK
Output:
----------------------------------------------------------
[doctest] doctest version is "2.4.11"
[doctest] run with "--help" for options
===============================================================================
[doctest] test cases: 1 | 1 passed | 0 failed | 184 skipped
[doctest] assertions: 1 | 1 passed | 0 failed |
[doctest] Status: SUCCESS!
<end of output>
Test time =   0.00 sec
----------------------------------------------------------
Test Passed.
"mana pool rejects when short" end time: Jul 05 13:56 MSK
"mana pool rejects when short" time elapsed: 00:00:00
----------------------------------------------------------

3/191 Testing: explicit generic breakdown spends the chosen crystals
3/191 Test: explicit generic breakdown spends the chosen crystals
Command: "/home/temikgo/main/MyFiles/junk/prism/build-debug/engine/prism_tests" "--test-case=explicit generic breakdown spends the chosen crystals"
Directory: /home/temikgo/main/MyFiles/junk/prism/build-debug/engine
"explicit generic breakdown spends the chosen crystals" start time: Jul 05 13:56 MSK
Output:
----------------------------------------------------------
[doctest] doctest version is "2.4.11"
[doctest] run with "--help" for options
===============================================================================
[doctest] test cases: 1 | 1 passed | 0 failed | 184 skipped
[doctest] assertions: 8 | 8 passed | 0 failed |
[doctest] Status: SUCCESS!
<end of output>
Test time =   0.00 sec
----------------------------------------------------------
Test Passed.
"explicit generic breakdown spends the chosen crystals" end time: Jul 05 13:56 MSK
"explicit generic breakdown spends the chosen crystals" time elapsed: 00:00:00
----------------------------------------------------------

4/191 Testing: play honours a chosen generic breakdown over the greedy default
4/191 Test: play honours a chosen generic breakdown over the greedy default
Command: "/home/temikgo/main/MyFiles/junk/prism/build-debug/engine/prism_tests" "--test-case=play honours a chosen generic breakdown over the greedy default"
Directory: /home/temikgo/main/MyFiles/junk/prism/build-debug/engine
"play honours a chosen generic breakdown over the greedy default" start time: Jul 05 13:56 MSK
Output:
----------------------------------------------------------
[doctest] doctest version is "2.4.11"
[doctest] run with "--help" for options
===============================================================================
[doctest] test cases: 1 | 1 passed | 0 failed | 184 skipped
[doctest] assertions: 3 | 3 passed | 0 failed |
[doctest] Status: SUCCESS!
<end of output>
Test time =   0.01 sec
----------------------------------------------------------
Test Passed.
"play honours a chosen generic breakdown over the greedy default" end time: Jul 05 13:56 MSK
"play honours a chosen generic breakdown over the greedy default" time elapsed: 00:00:00
----------------------------------------------------------

5/191 Testing: optional targeted effect skips with no target
5/191 Test: optional targeted effect skips with no target
Command: "/home/temikgo/main/MyFiles/junk/prism/build-debug/engine/prism_tests" "--test-case=optional targeted effect skips with no target"
Directory: /home/temikgo/main/MyFiles/junk/prism/build-debug/engine
"optional targeted effect skips with no target" start time: Jul 05 13:56 MSK
Output:
----------------------------------------------------------
[doctest] doctest version is "2.4.11"
[doctest] run with "--help" for options
===============================================================================
[doctest] test cases: 0 | 0 passed | 0 failed | 185 skipped
[doctest] assertions: 0 | 0 passed | 0 failed |
[doctest] Status: SUCCESS!
<end of output>
Test time =   0.00 sec
----------------------------------------------------------
Test Passed.
"optional targeted effect skips with no target" end time: Jul 05 13:56 MSK
"optional targeted effect skips with no target" time elapsed: 00:00:00
----------------------------------------------------------

6/191 Testing:  required blocks
6/191 Test:  required blocks
Command: "/home/temikgo/main/MyFiles/junk/prism/build-debug/engine/prism_tests" "--test-case= required blocks"
Directory: /home/temikgo/main/MyFiles/junk/prism/build-debug/engine
" required blocks" start time: Jul 05 13:56 MSK
Output:
----------------------------------------------------------
[doctest] doctest version is "2.4.11"
[doctest] run with "--help" for options
===============================================================================
[doctest] test cases: 0 | 0 passed | 0 failed | 185 skipped
[doctest] assertions: 0 | 0 passed | 0 failed |
[doctest] Status: SUCCESS!
<end of output>
Test time =   0.00 sec
----------------------------------------------------------
Test Passed.
" required blocks" end time: Jul 05 13:56 MSK
" required blocks" time elapsed: 00:00:00
----------------------------------------------------------

7/191 Testing: summoning sickness blocks attack on summon turn
7/191 Test: summoning sickness blocks attack on summon turn
Command: "/home/temikgo/main/MyFiles/junk/prism/build-debug/engine/prism_tests" "--test-case=summoning sickness blocks attack on summon turn"
Directory: /home/temikgo/main/MyFiles/junk/prism/build-debug/engine
"summoning sickness blocks attack on summon turn" start time: Jul 05 13:56 MSK
Output:
----------------------------------------------------------
[doctest] doctest version is "2.4.11"
[doctest] run with "--help" for options
===============================================================================
[doctest] test cases: 1 | 1 passed | 0 failed | 184 skipped
[doctest] assertions: 5 | 5 passed | 0 failed |
[doctest] Status: SUCCESS!
<end of output>
Test time =   0.01 sec
----------------------------------------------------------
Test Passed.
"summoning sickness blocks attack on summon turn" end time: Jul 05 13:56 MSK
"summoning sickness blocks attack on summon turn" time elapsed: 00:00:00
----------------------------------------------------------

8/191 Testing: combat is mutual: both deal ATK, the attacker can die too
8/191 Test: combat is mutual: both deal ATK, the attacker can die too
Command: "/home/temikgo/main/MyFiles/junk/prism/build-debug/engine/prism_tests" "--test-case=combat is mutual: both deal ATK\, the attacker can die too"
Directory: /home/temikgo/main/MyFiles/junk/prism/build-debug/engine
"combat is mutual: both deal ATK, the attacker can die too" start time: Jul 05 13:56 MSK
Output:
----------------------------------------------------------
[doctest] doctest version is "2.4.11"
[doctest] run with "--help" for options
===============================================================================
[doctest] test cases: 1 | 1 passed | 0 failed | 184 skipped
[doctest] assertions: 6 | 6 passed | 0 failed |
[doctest] Status: SUCCESS!
<end of output>
Test time =   0.01 sec
----------------------------------------------------------
Test Passed.
"combat is mutual: both deal ATK, the attacker can die too" end time: Jul 05 13:56 MSK
"combat is mutual: both deal ATK, the attacker can die too" time elapsed: 00:00:00
----------------------------------------------------------

9/191 Testing: cannot pay a 2-cost with one crystal, can with two
9/191 Test: cannot pay a 2-cost with one crystal, can with two
Command: "/home/temikgo/main/MyFiles/junk/prism/build-debug/engine/prism_tests" "--test-case=cannot pay a 2-cost with one crystal\, can with two"
Directory: /home/temikgo/main/MyFiles/junk/prism/build-debug/engine
"cannot pay a 2-cost with one crystal, can with two" start time: Jul 05 13:56 MSK
Output:
----------------------------------------------------------
[doctest] doctest version is "2.4.11"
[doctest] run with "--help" for options
===============================================================================
[doctest] test cases: 1 | 1 passed | 0 failed | 184 skipped
[doctest] assertions: 6 | 6 passed | 0 failed |
[doctest] Status: SUCCESS!
<end of output>
Test time =   0.01 sec
----------------------------------------------------------
Test Passed.
"cannot pay a 2-cost with one crystal, can with two" end time: Jul 05 13:56 MSK
"cannot pay a 2-cost with one crystal, can with two" time elapsed: 00:00:00
----------------------------------------------------------

10/191 Testing: hero reaching zero ends the game
10/191 Test: hero reaching zero ends the game
Command: "/home/temikgo/main/MyFiles/junk/prism/build-debug/engine/prism_tests" "--test-case=hero reaching zero ends the game"
Directory: /home/temikgo/main/MyFiles/junk/prism/build-debug/engine
"hero reaching zero ends the game" start time: Jul 05 13:56 MSK
Output:
----------------------------------------------------------
[doctest] doctest version is "2.4.11"
[doctest] run with "--help" for options
===============================================================================
[doctest] test cases: 1 | 1 passed | 0 failed | 184 skipped
[doctest] assertions: 4 | 4 passed | 0 failed |
[doctest] Status: SUCCESS!
<end of output>
Test time =   0.01 sec
----------------------------------------------------------
Test Passed.
"hero reaching zero ends the game" end time: Jul 05 13:56 MSK
"hero reaching zero ends the game" time elapsed: 00:00:00
----------------------------------------------------------

11/191 Testing: drawing from an empty deck deals fatigue
11/191 Test: drawing from an empty deck deals fatigue
Command: "/home/temikgo/main/MyFiles/junk/prism/build-debug/engine/prism_tests" "--test-case=drawing from an empty deck deals fatigue"
Directory: /home/temikgo/main/MyFiles/junk/prism/build-debug/engine
"drawing from an empty deck deals fatigue" start time: Jul 05 13:56 MSK
Output:
----------------------------------------------------------
[doctest] doctest version is "2.4.11"
[doctest] run with "--help" for options
===============================================================================
[doctest] test cases: 1 | 1 passed | 0 failed | 184 skipped
[doctest] assertions: 2 | 2 passed | 0 failed |
[doctest] Status: SUCCESS!
<end of output>
Test time =   0.01 sec
----------------------------------------------------------
Test Passed.
"drawing from an empty deck deals fatigue" end time: Jul 05 13:56 MSK
"drawing from an empty deck deals fatigue" time elapsed: 00:00:00
----------------------------------------------------------

12/191 Testing: overdrawing into a full hand discards the card to the graveyard
12/191 Test: overdrawing into a full hand discards the card to the graveyard
Command: "/home/temikgo/main/MyFiles/junk/prism/build-debug/engine/prism_tests" "--test-case=overdrawing into a full hand discards the card to the graveyard"
Directory: /home/temikgo/main/MyFiles/junk/prism/build-debug/engine
"overdrawing into a full hand discards the card to the graveyard" start time: Jul 05 13:56 MSK
Output:
----------------------------------------------------------
[doctest] doctest version is "2.4.11"
[doctest] run with "--help" for options
===============================================================================
[doctest] test cases: 1 | 1 passed | 0 failed | 184 skipped
[doctest] assertions: 5 | 5 passed | 0 failed |
[doctest] Status: SUCCESS!
<end of output>
Test time =   0.01 sec
----------------------------------------------------------
Test Passed.
"overdrawing into a full hand discards the card to the graveyard" end time: Jul 05 13:56 MSK
"overdrawing into a full hand discards the card to the graveyard" time elapsed: 00:00:00
----------------------------------------------------------

13/191 Testing: a token's death adds its card to the graveyard
13/191 Test: a token's death adds its card to the graveyard
Command: "/home/temikgo/main/MyFiles/junk/prism/build-debug/engine/prism_tests" "--test-case=a token's death adds its card to the graveyard"
Directory: /home/temikgo/main/MyFiles/junk/prism/build-debug/engine
"a token's death adds its card to the graveyard" start time: Jul 05 13:56 MSK
Output:
----------------------------------------------------------
[doctest] doctest version is "2.4.11"
[doctest] run with "--help" for options
===============================================================================
[doctest] test cases: 1 | 1 passed | 0 failed | 184 skipped
[doctest] assertions: 7 | 7 passed | 0 failed |
[doctest] Status: SUCCESS!
<end of output>
Test time =   0.01 sec
----------------------------------------------------------
Test Passed.
"a token's death adds its card to the graveyard" end time: Jul 05 13:56 MSK
"a token's death adds its card to the graveyard" time elapsed: 00:00:00
----------------------------------------------------------

14/191 Testing: data-driven on_death effect fires when the creature dies
14/191 Test: data-driven on_death effect fires when the creature dies
Command: "/home/temikgo/main/MyFiles/junk/prism/build-debug/engine/prism_tests" "--test-case=data-driven on_death effect fires when the creature dies"
Directory: /home/temikgo/main/MyFiles/junk/prism/build-debug/engine
"data-driven on_death effect fires when the creature dies" start time: Jul 05 13:56 MSK
Output:
----------------------------------------------------------
[doctest] doctest version is "2.4.11"
[doctest] run with "--help" for options
===============================================================================
[doctest] test cases: 1 | 1 passed | 0 failed | 184 skipped
[doctest] assertions: 5 | 5 passed | 0 failed |
[doctest] Status: SUCCESS!
<end of output>
Test time =   0.01 sec
----------------------------------------------------------
Test Passed.
"data-driven on_death effect fires when the creature dies" end time: Jul 05 13:56 MSK
"data-driven on_death effect fires when the creature dies" time elapsed: 00:00:00
----------------------------------------------------------

15/191 Testing: data-driven on_spell_cast reacts when its controller casts a spell
15/191 Test: data-driven on_spell_cast reacts when its controller casts a spell
Command: "/home/temikgo/main/MyFiles/junk/prism/build-debug/engine/prism_tests" "--test-case=data-driven on_spell_cast reacts when its controller casts a spell"
Directory: /home/temikgo/main/MyFiles/junk/prism/build-debug/engine
"data-driven on_spell_cast reacts when its controller casts a spell" start time: Jul 05 13:56 MSK
Output:
----------------------------------------------------------
[doctest] doctest version is "2.4.11"
[doctest] run with "--help" for options
===============================================================================
[doctest] test cases: 1 | 1 passed | 0 failed | 184 skipped
[doctest] assertions: 5 | 5 passed | 0 failed |
[doctest] Status: SUCCESS!
<end of output>
Test time =   0.01 sec
----------------------------------------------------------
Test Passed.
"data-driven on_spell_cast reacts when its controller casts a spell" end time: Jul 05 13:56 MSK
"data-driven on_spell_cast reacts when its controller casts a spell" time elapsed: 00:00:00
----------------------------------------------------------

16/191 Testing: data-driven start_of_turn effect fires at its controller's turn
16/191 Test: data-driven start_of_turn effect fires at its controller's turn
Command: "/home/temikgo/main/MyFiles/junk/prism/build-debug/engine/prism_tests" "--test-case=data-driven start_of_turn effect fires at its controller's turn"
Directory: /home/temikgo/main/MyFiles/junk/prism/build-debug/engine
"data-driven start_of_turn effect fires at its controller's turn" start time: Jul 05 13:56 MSK
Output:
----------------------------------------------------------
[doctest] doctest version is "2.4.11"
[doctest] run with "--help" for options
===============================================================================
[doctest] test cases: 1 | 1 passed | 0 failed | 184 skipped
[doctest] assertions: 3 | 3 passed | 0 failed |
[doctest] Status: SUCCESS!
<end of output>
Test time =   0.01 sec
----------------------------------------------------------
Test Passed.
"data-driven start_of_turn effect fires at its controller's turn" end time: Jul 05 13:56 MSK
"data-driven start_of_turn effect fires at its controller's turn" time elapsed: 00:00:00
----------------------------------------------------------

17/191 Testing: data-driven on_attack effect fires when the creature attacks
17/191 Test: data-driven on_attack effect fires when the creature attacks
Command: "/home/temikgo/main/MyFiles/junk/prism/build-debug/engine/prism_tests" "--test-case=data-driven on_attack effect fires when the creature attacks"
Directory: /home/temikgo/main/MyFiles/junk/prism/build-debug/engine
"data-driven on_attack effect fires when the creature attacks" start time: Jul 05 13:56 MSK
Output:
----------------------------------------------------------
[doctest] doctest version is "2.4.11"
[doctest] run with "--help" for options
===============================================================================
[doctest] test cases: 1 | 1 passed | 0 failed | 184 skipped
[doctest] assertions: 3 | 3 passed | 0 failed |
[doctest] Status: SUCCESS!
<end of output>
Test time =   0.01 sec
----------------------------------------------------------
Test Passed.
"data-driven on_attack effect fires when the creature attacks" end time: Jul 05 13:56 MSK
"data-driven on_attack effect fires when the creature attacks" time elapsed: 00:00:00
----------------------------------------------------------

18/191 Testing: Reflux pings the enemy hero whenever its controller heals
18/191 Test: Reflux pings the enemy hero whenever its controller heals
Command: "/home/temikgo/main/MyFiles/junk/prism/build-debug/engine/prism_tests" "--test-case=Reflux pings the enemy hero whenever its controller heals"
Directory: /home/temikgo/main/MyFiles/junk/prism/build-debug/engine
"Reflux pings the enemy hero whenever its controller heals" start time: Jul 05 13:56 MSK
Output:
----------------------------------------------------------
[doctest] doctest version is "2.4.11"
[doctest] run with "--help" for options
===============================================================================
[doctest] test cases: 1 | 1 passed | 0 failed | 184 skipped
[doctest] assertions: 5 | 5 passed | 0 failed |
[doctest] Status: SUCCESS!
<end of output>
Test time =   0.01 sec
----------------------------------------------------------
Test Passed.
"Reflux pings the enemy hero whenever its controller heals" end time: Jul 05 13:56 MSK
"Reflux pings the enemy hero whenever its controller heals" time elapsed: 00:00:00
----------------------------------------------------------

19/191 Testing: Requiem answers a friendly death with damage to the enemy hero
19/191 Test: Requiem answers a friendly death with damage to the enemy hero
Command: "/home/temikgo/main/MyFiles/junk/prism/build-debug/engine/prism_tests" "--test-case=Requiem answers a friendly death with damage to the enemy hero"
Directory: /home/temikgo/main/MyFiles/junk/prism/build-debug/engine
"Requiem answers a friendly death with damage to the enemy hero" start time: Jul 05 13:56 MSK
Output:
----------------------------------------------------------
[doctest] doctest version is "2.4.11"
[doctest] run with "--help" for options
===============================================================================
[doctest] test cases: 1 | 1 passed | 0 failed | 184 skipped
[doctest] assertions: 7 | 7 passed | 0 failed |
[doctest] Status: SUCCESS!
<end of output>
Test time =   0.01 sec
----------------------------------------------------------
Test Passed.
"Requiem answers a friendly death with damage to the enemy hero" end time: Jul 05 13:56 MSK
"Requiem answers a friendly death with damage to the enemy hero" time elapsed: 00:00:00
----------------------------------------------------------

20/191 Testing: on_spell_cast: multiple reactors each fire on one cast
20/191 Test: on_spell_cast: multiple reactors each fire on one cast
Command: "/home/temikgo/main/MyFiles/junk/prism/build-debug/engine/prism_tests" "--test-case=on_spell_cast: multiple reactors each fire on one cast"
Directory: /home/temikgo/main/MyFiles/junk/prism/build-debug/engine
"on_spell_cast: multiple reactors each fire on one cast" start time: Jul 05 13:56 MSK
Output:
----------------------------------------------------------
[doctest] doctest version is "2.4.11"
[doctest] run with "--help" for options
===============================================================================
[doctest] test cases: 1 | 1 passed | 0 failed | 184 skipped
[doctest] assertions: 4 | 4 passed | 0 failed |
[doctest] Status: SUCCESS!
<end of output>
Test time =   0.01 sec
----------------------------------------------------------
Test Passed.
"on_spell_cast: multiple reactors each fire on one cast" end time: Jul 05 13:56 MSK
"on_spell_cast: multiple reactors each fire on one cast" time elapsed: 00:00:00
----------------------------------------------------------

21/191 Testing: on_spell_cast: a reactor the spell itself kills does not react
21/191 Test: on_spell_cast: a reactor the spell itself kills does not react
Command: "/home/temikgo/main/MyFiles/junk/prism/build-debug/engine/prism_tests" "--test-case=on_spell_cast: a reactor the spell itself kills does not react"
Directory: /home/temikgo/main/MyFiles/junk/prism/build-debug/engine
"on_spell_cast: a reactor the spell itself kills does not react" start time: Jul 05 13:56 MSK
Output:
----------------------------------------------------------
[doctest] doctest version is "2.4.11"
[doctest] run with "--help" for options
===============================================================================
[doctest] test cases: 1 | 1 passed | 0 failed | 184 skipped
[doctest] assertions: 4 | 4 passed | 0 failed |
[doctest] Status: SUCCESS!
<end of output>
Test time =   0.01 sec
----------------------------------------------------------
Test Passed.
"on_spell_cast: a reactor the spell itself kills does not react" end time: Jul 05 13:56 MSK
"on_spell_cast: a reactor the spell itself kills does not react" time elapsed: 00:00:00
----------------------------------------------------------

22/191 Testing: on_attack fires when the attacker strikes a creature, not just a hero
22/191 Test: on_attack fires when the attacker strikes a creature, not just a hero
Command: "/home/temikgo/main/MyFiles/junk/prism/build-debug/engine/prism_tests" "--test-case=on_attack fires when the attacker strikes a creature\, not just a hero"
Directory: /home/temikgo/main/MyFiles/junk/prism/build-debug/engine
"on_attack fires when the attacker strikes a creature, not just a hero" start time: Jul 05 13:56 MSK
Output:
----------------------------------------------------------
[doctest] doctest version is "2.4.11"
[doctest] run with "--help" for options
===============================================================================
[doctest] test cases: 1 | 1 passed | 0 failed | 184 skipped
[doctest] assertions: 4 | 4 passed | 0 failed |
[doctest] Status: SUCCESS!
<end of output>
Test time =   0.01 sec
----------------------------------------------------------
Test Passed.
"on_attack fires when the attacker strikes a creature, not just a hero" end time: Jul 05 13:56 MSK
"on_attack fires when the attacker strikes a creature, not just a hero" time elapsed: 00:00:00
----------------------------------------------------------

23/191 Testing: on_attack fires even when the attacker dies to retaliation
23/191 Test: on_attack fires even when the attacker dies to retaliation
Command: "/home/temikgo/main/MyFiles/junk/prism/build-debug/engine/prism_tests" "--test-case=on_attack fires even when the attacker dies to retaliation"
Directory: /home/temikgo/main/MyFiles/junk/prism/build-debug/engine
"on_attack fires even when the attacker dies to retaliation" start time: Jul 05 13:56 MSK
Output:
----------------------------------------------------------
[doctest] doctest version is "2.4.11"
[doctest] run with "--help" for options
===============================================================================
[doctest] test cases: 1 | 1 passed | 0 failed | 184 skipped
[doctest] assertions: 5 | 5 passed | 0 failed |
[doctest] Status: SUCCESS!
<end of output>
Test time =   0.01 sec
----------------------------------------------------------
Test Passed.
"on_attack fires even when the attacker dies to retaliation" end time: Jul 05 13:56 MSK
"on_attack fires even when the attacker dies to retaliation" time elapsed: 00:00:00
----------------------------------------------------------

24/191 Testing: Requiem does not answer the death of the Requiem creature itself
24/191 Test: Requiem does not answer the death of the Requiem creature itself
Command: "/home/temikgo/main/MyFiles/junk/prism/build-debug/engine/prism_tests" "--test-case=Requiem does not answer the death of the Requiem creature itself"
Directory: /home/temikgo/main/MyFiles/junk/prism/build-debug/engine
"Requiem does not answer the death of the Requiem creature itself" start time: Jul 05 13:56 MSK
Output:
----------------------------------------------------------
[doctest] doctest version is "2.4.11"
[doctest] run with "--help" for options
===============================================================================
[doctest] test cases: 1 | 1 passed | 0 failed | 184 skipped
[doctest] assertions: 5 | 5 passed | 0 failed |
[doctest] Status: SUCCESS!
<end of output>
Test time =   0.01 sec
----------------------------------------------------------
Test Passed.
"Requiem does not answer the death of the Requiem creature itself" end time: Jul 05 13:56 MSK
"Requiem does not answer the death of the Requiem creature itself" time elapsed: 00:00:00
----------------------------------------------------------

25/191 Testing: Reflux fires off the mend that Requiem grants
25/191 Test: Reflux fires off the mend that Requiem grants
Command: "/home/temikgo/main/MyFiles/junk/prism/build-debug/engine/prism_tests" "--test-case=Reflux fires off the mend that Requiem grants"
Directory: /home/temikgo/main/MyFiles/junk/prism/build-debug/engine
"Reflux fires off the mend that Requiem grants" start time: Jul 05 13:56 MSK
Output:
----------------------------------------------------------
[doctest] doctest version is "2.4.11"
[doctest] run with "--help" for options
===============================================================================
[doctest] test cases: 1 | 1 passed | 0 failed | 184 skipped
[doctest] assertions: 7 | 7 passed | 0 failed |
[doctest] Status: SUCCESS!
<end of output>
Test time =   0.01 sec
----------------------------------------------------------
Test Passed.
"Reflux fires off the mend that Requiem grants" end time: Jul 05 13:56 MSK
"Reflux fires off the mend that Requiem grants" time elapsed: 00:00:00
----------------------------------------------------------

26/191 Testing: most_wounded_friendly heals the ally missing the most HP
26/191 Test: most_wounded_friendly heals the ally missing the most HP
Command: "/home/temikgo/main/MyFiles/junk/prism/build-debug/engine/prism_tests" "--test-case=most_wounded_friendly heals the ally missing the most HP"
Directory: /home/temikgo/main/MyFiles/junk/prism/build-debug/engine
"most_wounded_friendly heals the ally missing the most HP" start time: Jul 05 13:56 MSK
Output:
----------------------------------------------------------
[doctest] doctest version is "2.4.11"
[doctest] run with "--help" for options
===============================================================================
[doctest] test cases: 1 | 1 passed | 0 failed | 184 skipped
[doctest] assertions: 7 | 7 passed | 0 failed |
[doctest] Status: SUCCESS!
<end of output>
Test time =   0.01 sec
----------------------------------------------------------
Test Passed.
"most_wounded_friendly heals the ally missing the most HP" end time: Jul 05 13:56 MSK
"most_wounded_friendly heals the ally missing the most HP" time elapsed: 00:00:00
----------------------------------------------------------

27/191 Testing: chosen_blinded_enemy is legal only against a blinded target
27/191 Test: chosen_blinded_enemy is legal only against a blinded target
Command: "/home/temikgo/main/MyFiles/junk/prism/build-debug/engine/prism_tests" "--test-case=chosen_blinded_enemy is legal only against a blinded target"
Directory: /home/temikgo/main/MyFiles/junk/prism/build-debug/engine
"chosen_blinded_enemy is legal only against a blinded target" start time: Jul 05 13:56 MSK
Output:
----------------------------------------------------------
[doctest] doctest version is "2.4.11"
[doctest] run with "--help" for options
===============================================================================
[doctest] test cases: 1 | 1 passed | 0 failed | 184 skipped
[doctest] assertions: 6 | 6 passed | 0 failed |
[doctest] Status: SUCCESS!
<end of output>
Test time =   0.01 sec
----------------------------------------------------------
Test Passed.
"chosen_blinded_enemy is legal only against a blinded target" end time: Jul 05 13:56 MSK
"chosen_blinded_enemy is legal only against a blinded target" time elapsed: 00:00:00
----------------------------------------------------------

28/191 Testing: chosen_any_target routes to the enemy hero or a creature
28/191 Test: chosen_any_target routes to the enemy hero or a creature
Command: "/home/temikgo/main/MyFiles/junk/prism/build-debug/engine/prism_tests" "--test-case=chosen_any_target routes to the enemy hero or a creature"
Directory: /home/temikgo/main/MyFiles/junk/prism/build-debug/engine
"chosen_any_target routes to the enemy hero or a creature" start time: Jul 05 13:56 MSK
Output:
----------------------------------------------------------
[doctest] doctest version is "2.4.11"
[doctest] run with "--help" for options
===============================================================================
[doctest] test cases: 1 | 1 passed | 0 failed | 184 skipped
[doctest] assertions: 6 | 6 passed | 0 failed |
[doctest] Status: SUCCESS!
<end of output>
Test time =   0.01 sec
----------------------------------------------------------
Test Passed.
"chosen_any_target routes to the enemy hero or a creature" end time: Jul 05 13:56 MSK
"chosen_any_target routes to the enemy hero or a creature" time elapsed: 00:00:00
----------------------------------------------------------

29/191 Testing: chain_burn scales with spells cast this turn
29/191 Test: chain_burn scales with spells cast this turn
Command: "/home/temikgo/main/MyFiles/junk/prism/build-debug/engine/prism_tests" "--test-case=chain_burn scales with spells cast this turn"
Directory: /home/temikgo/main/MyFiles/junk/prism/build-debug/engine
"chain_burn scales with spells cast this turn" start time: Jul 05 13:56 MSK
Output:
----------------------------------------------------------
[doctest] doctest version is "2.4.11"
[doctest] run with "--help" for options
===============================================================================
[doctest] test cases: 1 | 1 passed | 0 failed | 184 skipped
[doctest] assertions: 4 | 4 passed | 0 failed |
[doctest] Status: SUCCESS!
<end of output>
Test time =   0.01 sec
----------------------------------------------------------
Test Passed.
"chain_burn scales with spells cast this turn" end time: Jul 05 13:56 MSK
"chain_burn scales with spells cast this turn" time elapsed: 00:00:00
----------------------------------------------------------

30/191 Testing: sacrifice sends a friendly to the grave and fires its on_death
30/191 Test: sacrifice sends a friendly to the grave and fires its on_death
Command: "/home/temikgo/main/MyFiles/junk/prism/build-debug/engine/prism_tests" "--test-case=sacrifice sends a friendly to the grave and fires its on_death"
Directory: /home/temikgo/main/MyFiles/junk/prism/build-debug/engine
"sacrifice sends a friendly to the grave and fires its on_death" start time: Jul 05 13:56 MSK
Output:
----------------------------------------------------------
[doctest] doctest version is "2.4.11"
[doctest] run with "--help" for options
===============================================================================
[doctest] test cases: 1 | 1 passed | 0 failed | 184 skipped
[doctest] assertions: 4 | 4 passed | 0 failed |
[doctest] Status: SUCCESS!
<end of output>
Test time =   0.01 sec
----------------------------------------------------------
Test Passed.
"sacrifice sends a friendly to the grave and fires its on_death" end time: Jul 05 13:56 MSK
"sacrifice sends a friendly to the grave and fires its on_death" time elapsed: 00:00:00
----------------------------------------------------------

31/191 Testing: a 0..n sacrifice clears the board and pays out per body
31/191 Test: a 0..n sacrifice clears the board and pays out per body
Command: "/home/temikgo/main/MyFiles/junk/prism/build-debug/engine/prism_tests" "--test-case=a 0..n sacrifice clears the board and pays out per body"
Directory: /home/temikgo/main/MyFiles/junk/prism/build-debug/engine
"a 0..n sacrifice clears the board and pays out per body" start time: Jul 05 13:56 MSK
Output:
----------------------------------------------------------
[doctest] doctest version is "2.4.11"
[doctest] run with "--help" for options
===============================================================================
[doctest] test cases: 1 | 1 passed | 0 failed | 184 skipped
[doctest] assertions: 5 | 5 passed | 0 failed |
[doctest] Status: SUCCESS!
<end of output>
Test time =   0.01 sec
----------------------------------------------------------
Test Passed.
"a 0..n sacrifice clears the board and pays out per body" end time: Jul 05 13:56 MSK
"a 0..n sacrifice clears the board and pays out per body" time elapsed: 00:00:00
----------------------------------------------------------

32/191 Testing: Renewal returns a creature card from the grave when it dies
32/191 Test: Renewal returns a creature card from the grave when it dies
Command: "/home/temikgo/main/MyFiles/junk/prism/build-debug/engine/prism_tests" "--test-case=Renewal returns a creature card from the grave when it dies"
Directory: /home/temikgo/main/MyFiles/junk/prism/build-debug/engine
"Renewal returns a creature card from the grave when it dies" start time: Jul 05 13:56 MSK
Output:
----------------------------------------------------------
[doctest] doctest version is "2.4.11"
[doctest] run with "--help" for options
===============================================================================
[doctest] test cases: 1 | 1 passed | 0 failed | 184 skipped
[doctest] assertions: 5 | 5 passed | 0 failed |
[doctest] Status: SUCCESS!
<end of output>
Test time =   0.01 sec
----------------------------------------------------------
Test Passed.
"Renewal returns a creature card from the grave when it dies" end time: Jul 05 13:56 MSK
"Renewal returns a creature card from the grave when it dies" time elapsed: 00:00:00
----------------------------------------------------------

33/191 Testing: the reclaim action pulls a dead creature back to hand
33/191 Test: the reclaim action pulls a dead creature back to hand
Command: "/home/temikgo/main/MyFiles/junk/prism/build-debug/engine/prism_tests" "--test-case=the reclaim action pulls a dead creature back to hand"
Directory: /home/temikgo/main/MyFiles/junk/prism/build-debug/engine
"the reclaim action pulls a dead creature back to hand" start time: Jul 05 13:56 MSK
Output:
----------------------------------------------------------
[doctest] doctest version is "2.4.11"
[doctest] run with "--help" for options
===============================================================================
[doctest] test cases: 1 | 1 passed | 0 failed | 184 skipped
[doctest] assertions: 7 | 7 passed | 0 failed |
[doctest] Status: SUCCESS!
<end of output>
Test time =   0.01 sec
----------------------------------------------------------
Test Passed.
"the reclaim action pulls a dead creature back to hand" end time: Jul 05 13:56 MSK
"the reclaim action pulls a dead creature back to hand" time elapsed: 00:00:00
----------------------------------------------------------

34/191 Testing: buff (flourish) permanently grows the whole friendly board
34/191 Test: buff (flourish) permanently grows the whole friendly board
Command: "/home/temikgo/main/MyFiles/junk/prism/build-debug/engine/prism_tests" "--test-case=buff (flourish) permanently grows the whole friendly board"
Directory: /home/temikgo/main/MyFiles/junk/prism/build-debug/engine
"buff (flourish) permanently grows the whole friendly board" start time: Jul 05 13:56 MSK
Output:
----------------------------------------------------------
[doctest] doctest version is "2.4.11"
[doctest] run with "--help" for options
===============================================================================
[doctest] test cases: 1 | 1 passed | 0 failed | 184 skipped
[doctest] assertions: 7 | 7 passed | 0 failed |
[doctest] Status: SUCCESS!
<end of output>
Test time =   0.01 sec
----------------------------------------------------------
Test Passed.
"buff (flourish) permanently grows the whole friendly board" end time: Jul 05 13:56 MSK
"buff (flourish) permanently grows the whole friendly board" time elapsed: 00:00:00
----------------------------------------------------------

35/191 Testing: sprout summons N 1/1 tokens up to the board cap
35/191 Test: sprout summons N 1/1 tokens up to the board cap
Command: "/home/temikgo/main/MyFiles/junk/prism/build-debug/engine/prism_tests" "--test-case=sprout summons N 1/1 tokens up to the board cap"
Directory: /home/temikgo/main/MyFiles/junk/prism/build-debug/engine
"sprout summons N 1/1 tokens up to the board cap" start time: Jul 05 13:56 MSK
Output:
----------------------------------------------------------
[doctest] doctest version is "2.4.11"
[doctest] run with "--help" for options
===============================================================================
[doctest] test cases: 1 | 1 passed | 0 failed | 184 skipped
[doctest] assertions: 5 | 5 passed | 0 failed |
[doctest] Status: SUCCESS!
<end of output>
Test time =   0.01 sec
----------------------------------------------------------
Test Passed.
"sprout summons N 1/1 tokens up to the board cap" end time: Jul 05 13:56 MSK
"sprout summons N 1/1 tokens up to the board cap" time elapsed: 00:00:00
----------------------------------------------------------

36/191 Testing: Bulwark layers hero armor each of its controller's turns
36/191 Test: Bulwark layers hero armor each of its controller's turns
Command: "/home/temikgo/main/MyFiles/junk/prism/build-debug/engine/prism_tests" "--test-case=Bulwark layers hero armor each of its controller's turns"
Directory: /home/temikgo/main/MyFiles/junk/prism/build-debug/engine
"Bulwark layers hero armor each of its controller's turns" start time: Jul 05 13:56 MSK
Output:
----------------------------------------------------------
[doctest] doctest version is "2.4.11"
[doctest] run with "--help" for options
===============================================================================
[doctest] test cases: 1 | 1 passed | 0 failed | 184 skipped
[doctest] assertions: 4 | 4 passed | 0 failed |
[doctest] Status: SUCCESS!
<end of output>
Test time =   0.01 sec
----------------------------------------------------------
Test Passed.
"Bulwark layers hero armor each of its controller's turns" end time: Jul 05 13:56 MSK
"Bulwark layers hero armor each of its controller's turns" time elapsed: 00:00:00
----------------------------------------------------------

37/191 Testing: warden blinds an enemy at its controller's turn start
37/191 Test: warden blinds an enemy at its controller's turn start
Command: "/home/temikgo/main/MyFiles/junk/prism/build-debug/engine/prism_tests" "--test-case=warden blinds an enemy at its controller's turn start"
Directory: /home/temikgo/main/MyFiles/junk/prism/build-debug/engine
"warden blinds an enemy at its controller's turn start" start time: Jul 05 13:56 MSK
Output:
----------------------------------------------------------
[doctest] doctest version is "2.4.11"
[doctest] run with "--help" for options
===============================================================================
[doctest] test cases: 1 | 1 passed | 0 failed | 184 skipped
[doctest] assertions: 4 | 4 passed | 0 failed |
[doctest] Status: SUCCESS!
<end of output>
Test time =   0.01 sec
----------------------------------------------------------
Test Passed.
"warden blinds an enemy at its controller's turn start" end time: Jul 05 13:56 MSK
"warden blinds an enemy at its controller's turn start" time elapsed: 00:00:00
----------------------------------------------------------

38/191 Testing: prowess grants a temporary +N attack per spell, gone at turn end
38/191 Test: prowess grants a temporary +N attack per spell, gone at turn end
Command: "/home/temikgo/main/MyFiles/junk/prism/build-debug/engine/prism_tests" "--test-case=prowess grants a temporary +N attack per spell\, gone at turn end"
Directory: /home/temikgo/main/MyFiles/junk/prism/build-debug/engine
"prowess grants a temporary +N attack per spell, gone at turn end" start time: Jul 05 13:56 MSK
Output:
----------------------------------------------------------
[doctest] doctest version is "2.4.11"
[doctest] run with "--help" for options
===============================================================================
[doctest] test cases: 1 | 1 passed | 0 failed | 184 skipped
[doctest] assertions: 7 | 7 passed | 0 failed |
[doctest] Status: SUCCESS!
<end of output>
Test time =   0.01 sec
----------------------------------------------------------
Test Passed.
"prowess grants a temporary +N attack per spell, gone at turn end" end time: Jul 05 13:56 MSK
"prowess grants a temporary +N attack per spell, gone at turn end" time elapsed: 00:00:00
----------------------------------------------------------

39/191 Testing: buff_temp pumps then wears off at the controller's turn end
39/191 Test: buff_temp pumps then wears off at the controller's turn end
Command: "/home/temikgo/main/MyFiles/junk/prism/build-debug/engine/prism_tests" "--test-case=buff_temp pumps then wears off at the controller's turn end"
Directory: /home/temikgo/main/MyFiles/junk/prism/build-debug/engine
"buff_temp pumps then wears off at the controller's turn end" start time: Jul 05 13:56 MSK
Output:
----------------------------------------------------------
[doctest] doctest version is "2.4.11"
[doctest] run with "--help" for options
===============================================================================
[doctest] test cases: 1 | 1 passed | 0 failed | 184 skipped
[doctest] assertions: 8 | 8 passed | 0 failed |
[doctest] Status: SUCCESS!
<end of output>
Test time =   0.01 sec
----------------------------------------------------------
Test Passed.
"buff_temp pumps then wears off at the controller's turn end" end time: Jul 05 13:56 MSK
"buff_temp pumps then wears off at the controller's turn end" time elapsed: 00:00:00
----------------------------------------------------------

40/191 Testing: a temp HP buff wearing off can drop a wounded creature
40/191 Test: a temp HP buff wearing off can drop a wounded creature
Command: "/home/temikgo/main/MyFiles/junk/prism/build-debug/engine/prism_tests" "--test-case=a temp HP buff wearing off can drop a wounded creature"
Directory: /home/temikgo/main/MyFiles/junk/prism/build-debug/engine
"a temp HP buff wearing off can drop a wounded creature" start time: Jul 05 13:56 MSK
Output:
----------------------------------------------------------
[doctest] doctest version is "2.4.11"
[doctest] run with "--help" for options
===============================================================================
[doctest] test cases: 1 | 1 passed | 0 failed | 184 skipped
[doctest] assertions: 6 | 6 passed | 0 failed |
[doctest] Status: SUCCESS!
<end of output>
Test time =   0.01 sec
----------------------------------------------------------
Test Passed.
"a temp HP buff wearing off can drop a wounded creature" end time: Jul 05 13:56 MSK
"a temp HP buff wearing off can drop a wounded creature" time elapsed: 00:00:00
----------------------------------------------------------

41/191 Testing: fight makes two chosen creatures strike each other at once
41/191 Test: fight makes two chosen creatures strike each other at once
Command: "/home/temikgo/main/MyFiles/junk/prism/build-debug/engine/prism_tests" "--test-case=fight makes two chosen creatures strike each other at once"
Directory: /home/temikgo/main/MyFiles/junk/prism/build-debug/engine
"fight makes two chosen creatures strike each other at once" start time: Jul 05 13:56 MSK
Output:
----------------------------------------------------------
[doctest] doctest version is "2.4.11"
[doctest] run with "--help" for options
===============================================================================
[doctest] test cases: 1 | 1 passed | 0 failed | 184 skipped
[doctest] assertions: 7 | 7 passed | 0 failed |
[doctest] Status: SUCCESS!
<end of output>
Test time =   0.01 sec
----------------------------------------------------------
Test Passed.
"fight makes two chosen creatures strike each other at once" end time: Jul 05 13:56 MSK
"fight makes two chosen creatures strike each other at once" time elapsed: 00:00:00
----------------------------------------------------------

42/191 Testing: a creature killed in a fight still fires its on_death
42/191 Test: a creature killed in a fight still fires its on_death
Command: "/home/temikgo/main/MyFiles/junk/prism/build-debug/engine/prism_tests" "--test-case=a creature killed in a fight still fires its on_death"
Directory: /home/temikgo/main/MyFiles/junk/prism/build-debug/engine
"a creature killed in a fight still fires its on_death" start time: Jul 05 13:56 MSK
Output:
----------------------------------------------------------
[doctest] doctest version is "2.4.11"
[doctest] run with "--help" for options
===============================================================================
[doctest] test cases: 1 | 1 passed | 0 failed | 184 skipped
[doctest] assertions: 5 | 5 passed | 0 failed |
[doctest] Status: SUCCESS!
<end of output>
Test time =   0.01 sec
----------------------------------------------------------
Test Passed.
"a creature killed in a fight still fires its on_death" end time: Jul 05 13:56 MSK
"a creature killed in a fight still fires its on_death" time elapsed: 00:00:00
----------------------------------------------------------

43/191 Testing: fight kills both creatures when the trade is lethal both ways
43/191 Test: fight kills both creatures when the trade is lethal both ways
Command: "/home/temikgo/main/MyFiles/junk/prism/build-debug/engine/prism_tests" "--test-case=fight kills both creatures when the trade is lethal both ways"
Directory: /home/temikgo/main/MyFiles/junk/prism/build-debug/engine
"fight kills both creatures when the trade is lethal both ways" start time: Jul 05 13:56 MSK
Output:
----------------------------------------------------------
[doctest] doctest version is "2.4.11"
[doctest] run with "--help" for options
===============================================================================
[doctest] test cases: 1 | 1 passed | 0 failed | 184 skipped
[doctest] assertions: 5 | 5 passed | 0 failed |
[doctest] Status: SUCCESS!
<end of output>
Test time =   0.01 sec
----------------------------------------------------------
Test Passed.
"fight kills both creatures when the trade is lethal both ways" end time: Jul 05 13:56 MSK
"fight kills both creatures when the trade is lethal both ways" time elapsed: 00:00:00
----------------------------------------------------------

44/191 Testing: harvest sacrifices a chosen ally to grow, firing its on_death
44/191 Test: harvest sacrifices a chosen ally to grow, firing its on_death
Command: "/home/temikgo/main/MyFiles/junk/prism/build-debug/engine/prism_tests" "--test-case=harvest sacrifices a chosen ally to grow\, firing its on_death"
Directory: /home/temikgo/main/MyFiles/junk/prism/build-debug/engine
"harvest sacrifices a chosen ally to grow, firing its on_death" start time: Jul 05 13:56 MSK
Output:
----------------------------------------------------------
[doctest] doctest version is "2.4.11"
[doctest] run with "--help" for options
===============================================================================
[doctest] test cases:  1 |  1 passed | 0 failed | 184 skipped
[doctest] assertions: 12 | 12 passed | 0 failed |
[doctest] Status: SUCCESS!
<end of output>
Test time =   0.01 sec
----------------------------------------------------------
Test Passed.
"harvest sacrifices a chosen ally to grow, firing its on_death" end time: Jul 05 13:56 MSK
"harvest sacrifices a chosen ally to grow, firing its on_death" time elapsed: 00:00:00
----------------------------------------------------------

45/191 Testing: veil cloaks an ally with stealth + refract until your next turn
45/191 Test: veil cloaks an ally with stealth + refract until your next turn
Command: "/home/temikgo/main/MyFiles/junk/prism/build-debug/engine/prism_tests" "--test-case=veil cloaks an ally with stealth + refract until your next turn"
Directory: /home/temikgo/main/MyFiles/junk/prism/build-debug/engine
"veil cloaks an ally with stealth + refract until your next turn" start time: Jul 05 13:56 MSK
Output:
----------------------------------------------------------
[doctest] doctest version is "2.4.11"
[doctest] run with "--help" for options
===============================================================================
[doctest] test cases: 1 | 1 passed | 0 failed | 184 skipped
[doctest] assertions: 9 | 9 passed | 0 failed |
[doctest] Status: SUCCESS!
<end of output>
Test time =   0.01 sec
----------------------------------------------------------
Test Passed.
"veil cloaks an ally with stealth + refract until your next turn" end time: Jul 05 13:56 MSK
"veil cloaks an ally with stealth + refract until your next turn" time elapsed: 00:00:00
----------------------------------------------------------

46/191 Testing: a veiled creature keeps its refract after attacking drops stealth
46/191 Test: a veiled creature keeps its refract after attacking drops stealth
Command: "/home/temikgo/main/MyFiles/junk/prism/build-debug/engine/prism_tests" "--test-case=a veiled creature keeps its refract after attacking drops stealth"
Directory: /home/temikgo/main/MyFiles/junk/prism/build-debug/engine
"a veiled creature keeps its refract after attacking drops stealth" start time: Jul 05 13:56 MSK
Output:
----------------------------------------------------------
[doctest] doctest version is "2.4.11"
[doctest] run with "--help" for options
===============================================================================
[doctest] test cases: 1 | 1 passed | 0 failed | 184 skipped
[doctest] assertions: 6 | 6 passed | 0 failed |
[doctest] Status: SUCCESS!
<end of output>
Test time =   0.01 sec
----------------------------------------------------------
Test Passed.
"a veiled creature keeps its refract after attacking drops stealth" end time: Jul 05 13:56 MSK
"a veiled creature keeps its refract after attacking drops stealth" time elapsed: 00:00:00
----------------------------------------------------------

47/191 Testing: a mirage of a haunt creature haunts once
47/191 Test: a mirage of a haunt creature haunts once
Command: "/home/temikgo/main/MyFiles/junk/prism/build-debug/engine/prism_tests" "--test-case=a mirage of a haunt creature haunts once"
Directory: /home/temikgo/main/MyFiles/junk/prism/build-debug/engine
"a mirage of a haunt creature haunts once" start time: Jul 05 13:56 MSK
Output:
----------------------------------------------------------
[doctest] doctest version is "2.4.11"
[doctest] run with "--help" for options
===============================================================================
[doctest] test cases: 0 | 0 passed | 0 failed | 185 skipped
[doctest] assertions: 0 | 0 passed | 0 failed |
[doctest] Status: SUCCESS!
<end of output>
Test time =   0.00 sec
----------------------------------------------------------
Test Passed.
"a mirage of a haunt creature haunts once" end time: Jul 05 13:56 MSK
"a mirage of a haunt creature haunts once" time elapsed: 00:00:00
----------------------------------------------------------

48/191 Testing:  its ghost does not
48/191 Test:  its ghost does not
Command: "/home/temikgo/main/MyFiles/junk/prism/build-debug/engine/prism_tests" "--test-case= its ghost does not"
Directory: /home/temikgo/main/MyFiles/junk/prism/build-debug/engine
" its ghost does not" start time: Jul 05 13:56 MSK
Output:
----------------------------------------------------------
[doctest] doctest version is "2.4.11"
[doctest] run with "--help" for options
===============================================================================
[doctest] test cases: 0 | 0 passed | 0 failed | 185 skipped
[doctest] assertions: 0 | 0 passed | 0 failed |
[doctest] Status: SUCCESS!
<end of output>
Test time =   0.00 sec
----------------------------------------------------------
Test Passed.
" its ghost does not" end time: Jul 05 13:56 MSK
" its ghost does not" time elapsed: 00:00:00
----------------------------------------------------------

49/191 Testing: Prism Mirror reflecting a lethal hit is a draw, not a loss
49/191 Test: Prism Mirror reflecting a lethal hit is a draw, not a loss
Command: "/home/temikgo/main/MyFiles/junk/prism/build-debug/engine/prism_tests" "--test-case=Prism Mirror reflecting a lethal hit is a draw\, not a loss"
Directory: /home/temikgo/main/MyFiles/junk/prism/build-debug/engine
"Prism Mirror reflecting a lethal hit is a draw, not a loss" start time: Jul 05 13:56 MSK
Output:
----------------------------------------------------------
[doctest] doctest version is "2.4.11"
[doctest] run with "--help" for options
===============================================================================
[doctest] test cases: 1 | 1 passed | 0 failed | 184 skipped
[doctest] assertions: 5 | 5 passed | 0 failed |
[doctest] Status: SUCCESS!
<end of output>
Test time =   0.01 sec
----------------------------------------------------------
Test Passed.
"Prism Mirror reflecting a lethal hit is a draw, not a loss" end time: Jul 05 13:56 MSK
"Prism Mirror reflecting a lethal hit is a draw, not a loss" time elapsed: 00:00:00
----------------------------------------------------------

50/191 Testing: regen heals at the owner's turn start up to max
50/191 Test: regen heals at the owner's turn start up to max
Command: "/home/temikgo/main/MyFiles/junk/prism/build-debug/engine/prism_tests" "--test-case=regen heals at the owner's turn start up to max"
Directory: /home/temikgo/main/MyFiles/junk/prism/build-debug/engine
"regen heals at the owner's turn start up to max" start time: Jul 05 13:56 MSK
Output:
----------------------------------------------------------
[doctest] doctest version is "2.4.11"
[doctest] run with "--help" for options
===============================================================================
[doctest] test cases: 1 | 1 passed | 0 failed | 184 skipped
[doctest] assertions: 2 | 2 passed | 0 failed |
[doctest] Status: SUCCESS!
<end of output>
Test time =   0.01 sec
----------------------------------------------------------
Test Passed.
"regen heals at the owner's turn start up to max" end time: Jul 05 13:56 MSK
"regen heals at the owner's turn start up to max" time elapsed: 00:00:00
----------------------------------------------------------

51/191 Testing: pierce sends lethal excess to the enemy hero
51/191 Test: pierce sends lethal excess to the enemy hero
Command: "/home/temikgo/main/MyFiles/junk/prism/build-debug/engine/prism_tests" "--test-case=pierce sends lethal excess to the enemy hero"
Directory: /home/temikgo/main/MyFiles/junk/prism/build-debug/engine
"pierce sends lethal excess to the enemy hero" start time: Jul 05 13:56 MSK
Output:
----------------------------------------------------------
[doctest] doctest version is "2.4.11"
[doctest] run with "--help" for options
===============================================================================
[doctest] test cases: 1 | 1 passed | 0 failed | 184 skipped
[doctest] assertions: 5 | 5 passed | 0 failed |
[doctest] Status: SUCCESS!
<end of output>
Test time =   0.01 sec
----------------------------------------------------------
Test Passed.
"pierce sends lethal excess to the enemy hero" end time: Jul 05 13:56 MSK
"pierce sends lethal excess to the enemy hero" time elapsed: 00:00:00
----------------------------------------------------------

52/191 Testing: provoke forces attackers onto the provoker
52/191 Test: provoke forces attackers onto the provoker
Command: "/home/temikgo/main/MyFiles/junk/prism/build-debug/engine/prism_tests" "--test-case=provoke forces attackers onto the provoker"
Directory: /home/temikgo/main/MyFiles/junk/prism/build-debug/engine
"provoke forces attackers onto the provoker" start time: Jul 05 13:56 MSK
Output:
----------------------------------------------------------
[doctest] doctest version is "2.4.11"
[doctest] run with "--help" for options
===============================================================================
[doctest] test cases: 1 | 1 passed | 0 failed | 184 skipped
[doctest] assertions: 6 | 6 passed | 0 failed |
[doctest] Status: SUCCESS!
<end of output>
Test time =   0.01 sec
----------------------------------------------------------
Test Passed.
"provoke forces attackers onto the provoker" end time: Jul 05 13:56 MSK
"provoke forces attackers onto the provoker" time elapsed: 00:00:00
----------------------------------------------------------

53/191 Testing: a stealthed provoker compels nothing until it reveals
53/191 Test: a stealthed provoker compels nothing until it reveals
Command: "/home/temikgo/main/MyFiles/junk/prism/build-debug/engine/prism_tests" "--test-case=a stealthed provoker compels nothing until it reveals"
Directory: /home/temikgo/main/MyFiles/junk/prism/build-debug/engine
"a stealthed provoker compels nothing until it reveals" start time: Jul 05 13:56 MSK
Output:
----------------------------------------------------------
[doctest] doctest version is "2.4.11"
[doctest] run with "--help" for options
===============================================================================
[doctest] test cases: 1 | 1 passed | 0 failed | 184 skipped
[doctest] assertions: 4 | 4 passed | 0 failed |
[doctest] Status: SUCCESS!
<end of output>
Test time =   0.01 sec
----------------------------------------------------------
Test Passed.
"a stealthed provoker compels nothing until it reveals" end time: Jul 05 13:56 MSK
"a stealthed provoker compels nothing until it reveals" time elapsed: 00:00:00
----------------------------------------------------------

54/191 Testing: freeze stops a creature from attacking, then thaws
54/191 Test: freeze stops a creature from attacking, then thaws
Command: "/home/temikgo/main/MyFiles/junk/prism/build-debug/engine/prism_tests" "--test-case=freeze stops a creature from attacking\, then thaws"
Directory: /home/temikgo/main/MyFiles/junk/prism/build-debug/engine
"freeze stops a creature from attacking, then thaws" start time: Jul 05 13:56 MSK
Output:
----------------------------------------------------------
[doctest] doctest version is "2.4.11"
[doctest] run with "--help" for options
===============================================================================
[doctest] test cases: 1 | 1 passed | 0 failed | 184 skipped
[doctest] assertions: 6 | 6 passed | 0 failed |
[doctest] Status: SUCCESS!
<end of output>
Test time =   0.01 sec
----------------------------------------------------------
Test Passed.
"freeze stops a creature from attacking, then thaws" end time: Jul 05 13:56 MSK
"freeze stops a creature from attacking, then thaws" time elapsed: 00:00:00
----------------------------------------------------------

55/191 Testing: blind suppresses retaliation, unlike freeze
55/191 Test: blind suppresses retaliation, unlike freeze
Command: "/home/temikgo/main/MyFiles/junk/prism/build-debug/engine/prism_tests" "--test-case=blind suppresses retaliation\, unlike freeze"
Directory: /home/temikgo/main/MyFiles/junk/prism/build-debug/engine
"blind suppresses retaliation, unlike freeze" start time: Jul 05 13:56 MSK
Output:
----------------------------------------------------------
[doctest] doctest version is "2.4.11"
[doctest] run with "--help" for options
===============================================================================
[doctest] test cases: 1 | 1 passed | 0 failed | 184 skipped
[doctest] assertions: 7 | 7 passed | 0 failed |
[doctest] Status: SUCCESS!
<end of output>
Test time =   0.01 sec
----------------------------------------------------------
Test Passed.
"blind suppresses retaliation, unlike freeze" end time: Jul 05 13:56 MSK
"blind suppresses retaliation, unlike freeze" time elapsed: 00:00:00
----------------------------------------------------------

56/191 Testing: ward absorbs the next harmful targeted effect, then is spent
56/191 Test: ward absorbs the next harmful targeted effect, then is spent
Command: "/home/temikgo/main/MyFiles/junk/prism/build-debug/engine/prism_tests" "--test-case=ward absorbs the next harmful targeted effect\, then is spent"
Directory: /home/temikgo/main/MyFiles/junk/prism/build-debug/engine
"ward absorbs the next harmful targeted effect, then is spent" start time: Jul 05 13:56 MSK
Output:
----------------------------------------------------------
[doctest] doctest version is "2.4.11"
[doctest] run with "--help" for options
===============================================================================
[doctest] test cases: 1 | 1 passed | 0 failed | 184 skipped
[doctest] assertions: 7 | 7 passed | 0 failed |
[doctest] Status: SUCCESS!
<end of output>
Test time =   0.01 sec
----------------------------------------------------------
Test Passed.
"ward absorbs the next harmful targeted effect, then is spent" end time: Jul 05 13:56 MSK
"ward absorbs the next harmful targeted effect, then is spent" time elapsed: 00:00:00
----------------------------------------------------------

57/191 Testing: germinate spends a crystal for an N/N sprout, once per turn
57/191 Test: germinate spends a crystal for an N/N sprout, once per turn
Command: "/home/temikgo/main/MyFiles/junk/prism/build-debug/engine/prism_tests" "--test-case=germinate spends a crystal for an N/N sprout\, once per turn"
Directory: /home/temikgo/main/MyFiles/junk/prism/build-debug/engine
"germinate spends a crystal for an N/N sprout, once per turn" start time: Jul 05 13:56 MSK
Output:
----------------------------------------------------------
[doctest] doctest version is "2.4.11"
[doctest] run with "--help" for options
===============================================================================
[doctest] test cases: 1 | 1 passed | 0 failed | 184 skipped
[doctest] assertions: 9 | 9 passed | 0 failed |
[doctest] Status: SUCCESS!
<end of output>
Test time =   0.01 sec
----------------------------------------------------------
Test Passed.
"germinate spends a crystal for an N/N sprout, once per turn" end time: Jul 05 13:56 MSK
"germinate spends a crystal for an N/N sprout, once per turn" time elapsed: 00:00:00
----------------------------------------------------------

58/191 Testing: an activated ability spends the crystal color the player chose
58/191 Test: an activated ability spends the crystal color the player chose
Command: "/home/temikgo/main/MyFiles/junk/prism/build-debug/engine/prism_tests" "--test-case=an activated ability spends the crystal color the player chose"
Directory: /home/temikgo/main/MyFiles/junk/prism/build-debug/engine
"an activated ability spends the crystal color the player chose" start time: Jul 05 13:56 MSK
Output:
----------------------------------------------------------
[doctest] doctest version is "2.4.11"
[doctest] run with "--help" for options
===============================================================================
[doctest] test cases: 1 | 1 passed | 0 failed | 184 skipped
[doctest] assertions: 5 | 5 passed | 0 failed |
[doctest] Status: SUCCESS!
<end of output>
Test time =   0.01 sec
----------------------------------------------------------
Test Passed.
"an activated ability spends the crystal color the player chose" end time: Jul 05 13:56 MSK
"an activated ability spends the crystal color the player chose" time elapsed: 00:00:00
----------------------------------------------------------

59/191 Testing: Brittle shatters a frozen creature on any damage
59/191 Test: Brittle shatters a frozen creature on any damage
Command: "/home/temikgo/main/MyFiles/junk/prism/build-debug/engine/prism_tests" "--test-case=Brittle shatters a frozen creature on any damage"
Directory: /home/temikgo/main/MyFiles/junk/prism/build-debug/engine
"Brittle shatters a frozen creature on any damage" start time: Jul 05 13:56 MSK
Output:
----------------------------------------------------------
[doctest] doctest version is "2.4.11"
[doctest] run with "--help" for options
===============================================================================
[doctest] test cases: 1 | 1 passed | 0 failed | 184 skipped
[doctest] assertions: 6 | 6 passed | 0 failed |
[doctest] Status: SUCCESS!
<end of output>
Test time =   0.01 sec
----------------------------------------------------------
Test Passed.
"Brittle shatters a frozen creature on any damage" end time: Jul 05 13:56 MSK
"Brittle shatters a frozen creature on any damage" time elapsed: 00:00:00
----------------------------------------------------------

60/191 Testing: Brittle is inert while the creature is not frozen
60/191 Test: Brittle is inert while the creature is not frozen
Command: "/home/temikgo/main/MyFiles/junk/prism/build-debug/engine/prism_tests" "--test-case=Brittle is inert while the creature is not frozen"
Directory: /home/temikgo/main/MyFiles/junk/prism/build-debug/engine
"Brittle is inert while the creature is not frozen" start time: Jul 05 13:56 MSK
Output:
----------------------------------------------------------
[doctest] doctest version is "2.4.11"
[doctest] run with "--help" for options
===============================================================================
[doctest] test cases: 1 | 1 passed | 0 failed | 184 skipped
[doctest] assertions: 4 | 4 passed | 0 failed |
[doctest] Status: SUCCESS!
<end of output>
Test time =   0.01 sec
----------------------------------------------------------
Test Passed.
"Brittle is inert while the creature is not frozen" end time: Jul 05 13:56 MSK
"Brittle is inert while the creature is not frozen" time elapsed: 00:00:00
----------------------------------------------------------

61/191 Testing: Lens focuses the first spell of the turn, once
61/191 Test: Lens focuses the first spell of the turn, once
Command: "/home/temikgo/main/MyFiles/junk/prism/build-debug/engine/prism_tests" "--test-case=Lens focuses the first spell of the turn\, once"
Directory: /home/temikgo/main/MyFiles/junk/prism/build-debug/engine
"Lens focuses the first spell of the turn, once" start time: Jul 05 13:56 MSK
Output:
----------------------------------------------------------
[doctest] doctest version is "2.4.11"
[doctest] run with "--help" for options
===============================================================================
[doctest] test cases: 1 | 1 passed | 0 failed | 184 skipped
[doctest] assertions: 7 | 7 passed | 0 failed |
[doctest] Status: SUCCESS!
<end of output>
Test time =   0.01 sec
----------------------------------------------------------
Test Passed.
"Lens focuses the first spell of the turn, once" end time: Jul 05 13:56 MSK
"Lens focuses the first spell of the turn, once" time elapsed: 00:00:00
----------------------------------------------------------

62/191 Testing: a Brittle spell shatters a frozen target with its own damage
62/191 Test: a Brittle spell shatters a frozen target with its own damage
Command: "/home/temikgo/main/MyFiles/junk/prism/build-debug/engine/prism_tests" "--test-case=a Brittle spell shatters a frozen target with its own damage"
Directory: /home/temikgo/main/MyFiles/junk/prism/build-debug/engine
"a Brittle spell shatters a frozen target with its own damage" start time: Jul 05 13:56 MSK
Output:
----------------------------------------------------------
[doctest] doctest version is "2.4.11"
[doctest] run with "--help" for options
===============================================================================
[doctest] test cases: 1 | 1 passed | 0 failed | 184 skipped
[doctest] assertions: 4 | 4 passed | 0 failed |
[doctest] Status: SUCCESS!
<end of output>
Test time =   0.01 sec
----------------------------------------------------------
Test Passed.
"a Brittle spell shatters a frozen target with its own damage" end time: Jul 05 13:56 MSK
"a Brittle spell shatters a frozen target with its own damage" time elapsed: 00:00:00
----------------------------------------------------------

63/191 Testing: floodlight reveals the enemy's banked mana cards
63/191 Test: floodlight reveals the enemy's banked mana cards
Command: "/home/temikgo/main/MyFiles/junk/prism/build-debug/engine/prism_tests" "--test-case=floodlight reveals the enemy's banked mana cards"
Directory: /home/temikgo/main/MyFiles/junk/prism/build-debug/engine
"floodlight reveals the enemy's banked mana cards" start time: Jul 05 13:56 MSK
Output:
----------------------------------------------------------
[doctest] doctest version is "2.4.11"
[doctest] run with "--help" for options
===============================================================================
[doctest] test cases: 1 | 1 passed | 0 failed | 184 skipped
[doctest] assertions: 5 | 5 passed | 0 failed |
[doctest] Status: SUCCESS!
<end of output>
Test time =   0.01 sec
----------------------------------------------------------
Test Passed.
"floodlight reveals the enemy's banked mana cards" end time: Jul 05 13:56 MSK
"floodlight reveals the enemy's banked mana cards" time elapsed: 00:00:00
----------------------------------------------------------

64/191 Testing: delay schedules an effect for a later turn
64/191 Test: delay schedules an effect for a later turn
Command: "/home/temikgo/main/MyFiles/junk/prism/build-debug/engine/prism_tests" "--test-case=delay schedules an effect for a later turn"
Directory: /home/temikgo/main/MyFiles/junk/prism/build-debug/engine
"delay schedules an effect for a later turn" start time: Jul 05 13:56 MSK
Output:
----------------------------------------------------------
[doctest] doctest version is "2.4.11"
[doctest] run with "--help" for options
===============================================================================
[doctest] test cases: 1 | 1 passed | 0 failed | 184 skipped
[doctest] assertions: 4 | 4 passed | 0 failed |
[doctest] Status: SUCCESS!
<end of output>
Test time =   0.01 sec
----------------------------------------------------------
Test Passed.
"delay schedules an effect for a later turn" end time: Jul 05 13:56 MSK
"delay schedules an effect for a later turn" time elapsed: 00:00:00
----------------------------------------------------------

65/191 Testing: decoy lets an aged banked card awaken for free
65/191 Test: decoy lets an aged banked card awaken for free
Command: "/home/temikgo/main/MyFiles/junk/prism/build-debug/engine/prism_tests" "--test-case=decoy lets an aged banked card awaken for free"
Directory: /home/temikgo/main/MyFiles/junk/prism/build-debug/engine
"decoy lets an aged banked card awaken for free" start time: Jul 05 13:56 MSK
Output:
----------------------------------------------------------
[doctest] doctest version is "2.4.11"
[doctest] run with "--help" for options
===============================================================================
[doctest] test cases: 1 | 1 passed | 0 failed | 184 skipped
[doctest] assertions: 6 | 6 passed | 0 failed |
[doctest] Status: SUCCESS!
<end of output>
Test time =   0.01 sec
----------------------------------------------------------
Test Passed.
"decoy lets an aged banked card awaken for free" end time: Jul 05 13:56 MSK
"decoy lets an aged banked card awaken for free" time elapsed: 00:00:00
----------------------------------------------------------

66/191 Testing: decoy implies wakeability: a banked decoy card with no awaken wakes
66/191 Test: decoy implies wakeability: a banked decoy card with no awaken wakes
Command: "/home/temikgo/main/MyFiles/junk/prism/build-debug/engine/prism_tests" "--test-case=decoy implies wakeability: a banked decoy card with no awaken wakes"
Directory: /home/temikgo/main/MyFiles/junk/prism/build-debug/engine
"decoy implies wakeability: a banked decoy card with no awaken wakes" start time: Jul 05 13:56 MSK
Output:
----------------------------------------------------------
[doctest] doctest version is "2.4.11"
[doctest] run with "--help" for options
===============================================================================
[doctest] test cases: 1 | 1 passed | 0 failed | 184 skipped
[doctest] assertions: 4 | 4 passed | 0 failed |
[doctest] Status: SUCCESS!
<end of output>
Test time =   0.01 sec
----------------------------------------------------------
Test Passed.
"decoy implies wakeability: a banked decoy card with no awaken wakes" end time: Jul 05 13:56 MSK
"decoy implies wakeability: a banked decoy card with no awaken wakes" time elapsed: 00:00:00
----------------------------------------------------------

67/191 Testing: delay keeps its chosen target and hits it when it resolves
67/191 Test: delay keeps its chosen target and hits it when it resolves
Command: "/home/temikgo/main/MyFiles/junk/prism/build-debug/engine/prism_tests" "--test-case=delay keeps its chosen target and hits it when it resolves"
Directory: /home/temikgo/main/MyFiles/junk/prism/build-debug/engine
"delay keeps its chosen target and hits it when it resolves" start time: Jul 05 13:56 MSK
Output:
----------------------------------------------------------
[doctest] doctest version is "2.4.11"
[doctest] run with "--help" for options
===============================================================================
[doctest] test cases: 1 | 1 passed | 0 failed | 184 skipped
[doctest] assertions: 4 | 4 passed | 0 failed |
[doctest] Status: SUCCESS!
<end of output>
Test time =   0.01 sec
----------------------------------------------------------
Test Passed.
"delay keeps its chosen target and hits it when it resolves" end time: Jul 05 13:56 MSK
"delay keeps its chosen target and hits it when it resolves" time elapsed: 00:00:00
----------------------------------------------------------

68/191 Testing: scry peeks the top cards and the player sorts them
68/191 Test: scry peeks the top cards and the player sorts them
Command: "/home/temikgo/main/MyFiles/junk/prism/build-debug/engine/prism_tests" "--test-case=scry peeks the top cards and the player sorts them"
Directory: /home/temikgo/main/MyFiles/junk/prism/build-debug/engine
"scry peeks the top cards and the player sorts them" start time: Jul 05 13:56 MSK
Output:
----------------------------------------------------------
[doctest] doctest version is "2.4.11"
[doctest] run with "--help" for options
===============================================================================
[doctest] test cases:  1 |  1 passed | 0 failed | 184 skipped
[doctest] assertions: 10 | 10 passed | 0 failed |
[doctest] Status: SUCCESS!
<end of output>
Test time =   0.01 sec
----------------------------------------------------------
Test Passed.
"scry peeks the top cards and the player sorts them" end time: Jul 05 13:56 MSK
"scry peeks the top cards and the player sorts them" time elapsed: 00:00:00
----------------------------------------------------------

69/191 Testing: mulligan reshuffles the chosen cards and gates the first turn
69/191 Test: mulligan reshuffles the chosen cards and gates the first turn
Command: "/home/temikgo/main/MyFiles/junk/prism/build-debug/engine/prism_tests" "--test-case=mulligan reshuffles the chosen cards and gates the first turn"
Directory: /home/temikgo/main/MyFiles/junk/prism/build-debug/engine
"mulligan reshuffles the chosen cards and gates the first turn" start time: Jul 05 13:56 MSK
Output:
----------------------------------------------------------
[doctest] doctest version is "2.4.11"
[doctest] run with "--help" for options
===============================================================================
[doctest] test cases:  1 |  1 passed | 0 failed | 184 skipped
[doctest] assertions: 11 | 11 passed | 0 failed |
[doctest] Status: SUCCESS!
<end of output>
Test time =   0.01 sec
----------------------------------------------------------
Test Passed.
"mulligan reshuffles the chosen cards and gates the first turn" end time: Jul 05 13:56 MSK
"mulligan reshuffles the chosen cards and gates the first turn" time elapsed: 00:00:00
----------------------------------------------------------

70/191 Testing: mulligan rejects bad indices and leaves the hand untouched
70/191 Test: mulligan rejects bad indices and leaves the hand untouched
Command: "/home/temikgo/main/MyFiles/junk/prism/build-debug/engine/prism_tests" "--test-case=mulligan rejects bad indices and leaves the hand untouched"
Directory: /home/temikgo/main/MyFiles/junk/prism/build-debug/engine
"mulligan rejects bad indices and leaves the hand untouched" start time: Jul 05 13:56 MSK
Output:
----------------------------------------------------------
[doctest] doctest version is "2.4.11"
[doctest] run with "--help" for options
===============================================================================
[doctest] test cases: 1 | 1 passed | 0 failed | 184 skipped
[doctest] assertions: 3 | 3 passed | 0 failed |
[doctest] Status: SUCCESS!
<end of output>
Test time =   0.01 sec
----------------------------------------------------------
Test Passed.
"mulligan rejects bad indices and leaves the hand untouched" end time: Jul 05 13:56 MSK
"mulligan rejects bad indices and leaves the hand untouched" time elapsed: 00:00:00
----------------------------------------------------------

71/191 Testing: a mulliganed card cannot come back in the same mulligan
71/191 Test: a mulliganed card cannot come back in the same mulligan
Command: "/home/temikgo/main/MyFiles/junk/prism/build-debug/engine/prism_tests" "--test-case=a mulliganed card cannot come back in the same mulligan"
Directory: /home/temikgo/main/MyFiles/junk/prism/build-debug/engine
"a mulliganed card cannot come back in the same mulligan" start time: Jul 05 13:56 MSK
Output:
----------------------------------------------------------
[doctest] doctest version is "2.4.11"
[doctest] run with "--help" for options
===============================================================================
[doctest] test cases:  1 |  1 passed | 0 failed | 184 skipped
[doctest] assertions: 18 | 18 passed | 0 failed |
[doctest] Status: SUCCESS!
[...]
----------------------------------------------------------

175/191 Testing: penta Prism Echo: Crystallize copy fizzles on the destroyed target
175/191 Test: penta Prism Echo: Crystallize copy fizzles on the destroyed target
Command: "/home/temikgo/main/MyFiles/junk/prism/build-debug/engine/prism_tests" "--test-case=penta Prism Echo: Crystallize copy fizzles on the destroyed target"
Directory: /home/temikgo/main/MyFiles/junk/prism/build-debug/engine
"penta Prism Echo: Crystallize copy fizzles on the destroyed target" start time: Jul 05 13:56 MSK
Output:
----------------------------------------------------------
[doctest] doctest version is "2.4.11"
[doctest] run with "--help" for options
===============================================================================
[doctest] test cases: 1 | 1 passed | 0 failed | 184 skipped
[doctest] assertions: 6 | 6 passed | 0 failed |
[doctest] Status: SUCCESS!
<end of output>
Test time =   0.02 sec
----------------------------------------------------------
Test Passed.
"penta Prism Echo: Crystallize copy fizzles on the destroyed target" end time: Jul 05 13:56 MSK
"penta Prism Echo: Crystallize copy fizzles on the destroyed target" time elapsed: 00:00:00
----------------------------------------------------------

176/191 Testing: resume preserves per-turn flags (Lens/Echo spent this turn)
176/191 Test: resume preserves per-turn flags (Lens/Echo spent this turn)
Command: "/home/temikgo/main/MyFiles/junk/prism/build-debug/engine/prism_tests" "--test-case=resume preserves per-turn flags (Lens/Echo spent this turn)"
Directory: /home/temikgo/main/MyFiles/junk/prism/build-debug/engine
"resume preserves per-turn flags (Lens/Echo spent this turn)" start time: Jul 05 13:56 MSK
Output:
----------------------------------------------------------
[doctest] doctest version is "2.4.11"
[doctest] run with "--help" for options
===============================================================================
[doctest] test cases: 1 | 1 passed | 0 failed | 184 skipped
[doctest] assertions: 9 | 9 passed | 0 failed |
[doctest] Status: SUCCESS!
<end of output>
Test time =   0.01 sec
----------------------------------------------------------
Test Passed.
"resume preserves per-turn flags (Lens/Echo spent this turn)" end time: Jul 05 13:56 MSK
"resume preserves per-turn flags (Lens/Echo spent this turn)" time elapsed: 00:00:00
----------------------------------------------------------

177/191 Testing: resume preserves hauntGhost (the ghost body's no-re-haunt mark)
177/191 Test: resume preserves hauntGhost (the ghost body's no-re-haunt mark)
Command: "/home/temikgo/main/MyFiles/junk/prism/build-debug/engine/prism_tests" "--test-case=resume preserves hauntGhost (the ghost body's no-re-haunt mark)"
Directory: /home/temikgo/main/MyFiles/junk/prism/build-debug/engine
"resume preserves hauntGhost (the ghost body's no-re-haunt mark)" start time: Jul 05 13:56 MSK
Output:
----------------------------------------------------------
[doctest] doctest version is "2.4.11"
[doctest] run with "--help" for options
===============================================================================
[doctest] test cases: 1 | 1 passed | 0 failed | 184 skipped
[doctest] assertions: 8 | 8 passed | 0 failed |
[doctest] Status: SUCCESS!
<end of output>
Test time =   0.02 sec
----------------------------------------------------------
Test Passed.
"resume preserves hauntGhost (the ghost body's no-re-haunt mark)" end time: Jul 05 13:56 MSK
"resume preserves hauntGhost (the ghost body's no-re-haunt mark)" time elapsed: 00:00:00
----------------------------------------------------------

178/191 Testing: penta Echo: a decision that ends the game spawns no phantom sub-game
178/191 Test: penta Echo: a decision that ends the game spawns no phantom sub-game
Command: "/home/temikgo/main/MyFiles/junk/prism/build-debug/engine/prism_tests" "--test-case=penta Echo: a decision that ends the game spawns no phantom sub-game"
Directory: /home/temikgo/main/MyFiles/junk/prism/build-debug/engine
"penta Echo: a decision that ends the game spawns no phantom sub-game" start time: Jul 05 13:56 MSK
Output:
----------------------------------------------------------
[doctest] doctest version is "2.4.11"
[doctest] run with "--help" for options
===============================================================================
[doctest] test cases: 1 | 1 passed | 0 failed | 184 skipped
[doctest] assertions: 7 | 7 passed | 0 failed |
[doctest] Status: SUCCESS!
<end of output>
Test time =   0.01 sec
----------------------------------------------------------
Test Passed.
"penta Echo: a decision that ends the game spawns no phantom sub-game" end time: Jul 05 13:56 MSK
"penta Echo: a decision that ends the game spawns no phantom sub-game" time elapsed: 00:00:00
----------------------------------------------------------

179/191 Testing: penta Prism Echo doubles Spectral Decay (mills and discards twice)
179/191 Test: penta Prism Echo doubles Spectral Decay (mills and discards twice)
Command: "/home/temikgo/main/MyFiles/junk/prism/build-debug/engine/prism_tests" "--test-case=penta Prism Echo doubles Spectral Decay (mills and discards twice)"
Directory: /home/temikgo/main/MyFiles/junk/prism/build-debug/engine
"penta Prism Echo doubles Spectral Decay (mills and discards twice)" start time: Jul 05 13:56 MSK
Output:
----------------------------------------------------------
[doctest] doctest version is "2.4.11"
[doctest] run with "--help" for options
===============================================================================
[doctest] test cases: 1 | 1 passed | 0 failed | 184 skipped
[doctest] assertions: 5 | 5 passed | 0 failed |
[doctest] Status: SUCCESS!
<end of output>
Test time =   0.01 sec
----------------------------------------------------------
Test Passed.
"penta Prism Echo doubles Spectral Decay (mills and discards twice)" end time: Jul 05 13:56 MSK
"penta Prism Echo doubles Spectral Decay (mills and discards twice)" time elapsed: 00:00:00
----------------------------------------------------------

180/191 Testing: penta sub-game survives serialization (clone mid-decision)
180/191 Test: penta sub-game survives serialization (clone mid-decision)
Command: "/home/temikgo/main/MyFiles/junk/prism/build-debug/engine/prism_tests" "--test-case=penta sub-game survives serialization (clone mid-decision)"
Directory: /home/temikgo/main/MyFiles/junk/prism/build-debug/engine
"penta sub-game survives serialization (clone mid-decision)" start time: Jul 05 13:56 MSK
Output:
----------------------------------------------------------
[doctest] doctest version is "2.4.11"
[doctest] run with "--help" for options
===============================================================================
[doctest] test cases: 1 | 1 passed | 0 failed | 184 skipped
[doctest] assertions: 7 | 7 passed | 0 failed |
[doctest] Status: SUCCESS!
<end of output>
Test time =   0.02 sec
----------------------------------------------------------
Test Passed.
"penta sub-game survives serialization (clone mid-decision)" end time: Jul 05 13:56 MSK
"penta sub-game survives serialization (clone mid-decision)" time elapsed: 00:00:00
----------------------------------------------------------

181/191 Testing: a duplicate aura cannot be played
181/191 Test: a duplicate aura cannot be played
Command: "/home/temikgo/main/MyFiles/junk/prism/build-debug/engine/prism_tests" "--test-case=a duplicate aura cannot be played"
Directory: /home/temikgo/main/MyFiles/junk/prism/build-debug/engine
"a duplicate aura cannot be played" start time: Jul 05 13:56 MSK
Output:
----------------------------------------------------------
[doctest] doctest version is "2.4.11"
[doctest] run with "--help" for options
===============================================================================
[doctest] test cases: 1 | 1 passed | 0 failed | 184 skipped
[doctest] assertions: 4 | 4 passed | 0 failed |
[doctest] Status: SUCCESS!
<end of output>
Test time =   0.01 sec
----------------------------------------------------------
Test Passed.
"a duplicate aura cannot be played" end time: Jul 05 13:56 MSK
"a duplicate aura cannot be played" time elapsed: 00:00:00
----------------------------------------------------------

182/191 Testing: view canAwaken excludes a duplicate aura (client reads one truth)
182/191 Test: view canAwaken excludes a duplicate aura (client reads one truth)
Command: "/home/temikgo/main/MyFiles/junk/prism/build-debug/engine/prism_tests" "--test-case=view canAwaken excludes a duplicate aura (client reads one truth)"
Directory: /home/temikgo/main/MyFiles/junk/prism/build-debug/engine
"view canAwaken excludes a duplicate aura (client reads one truth)" start time: Jul 05 13:56 MSK
Output:
----------------------------------------------------------
[doctest] doctest version is "2.4.11"
[doctest] run with "--help" for options
===============================================================================
[doctest] test cases: 1 | 1 passed | 0 failed | 184 skipped
[doctest] assertions: 5 | 5 passed | 0 failed |
[doctest] Status: SUCCESS!
<end of output>
Test time =   0.02 sec
----------------------------------------------------------
Test Passed.
"view canAwaken excludes a duplicate aura (client reads one truth)" end time: Jul 05 13:56 MSK
"view canAwaken excludes a duplicate aura (client reads one truth)" time elapsed: 00:00:00
----------------------------------------------------------

183/191 Testing: publicEventJson annotates public actions, hides private ones
183/191 Test: publicEventJson annotates public actions, hides private ones
Command: "/home/temikgo/main/MyFiles/junk/prism/build-debug/engine/prism_tests" "--test-case=publicEventJson annotates public actions\, hides private ones"
Directory: /home/temikgo/main/MyFiles/junk/prism/build-debug/engine
"publicEventJson annotates public actions, hides private ones" start time: Jul 05 13:56 MSK
Output:
----------------------------------------------------------
[doctest] doctest version is "2.4.11"
[doctest] run with "--help" for options
===============================================================================
[doctest] test cases: 1 | 1 passed | 0 failed | 184 skipped
[doctest] assertions: 9 | 9 passed | 0 failed |
[doctest] Status: SUCCESS!
<end of output>
Test time =   0.01 sec
----------------------------------------------------------
Test Passed.
"publicEventJson annotates public actions, hides private ones" end time: Jul 05 13:56 MSK
"publicEventJson annotates public actions, hides private ones" time elapsed: 00:00:00
----------------------------------------------------------

184/191 Testing: a friendly-target spell freezes your own creature
184/191 Test: a friendly-target spell freezes your own creature
Command: "/home/temikgo/main/MyFiles/junk/prism/build-debug/engine/prism_tests" "--test-case=a friendly-target spell freezes your own creature"
Directory: /home/temikgo/main/MyFiles/junk/prism/build-debug/engine
"a friendly-target spell freezes your own creature" start time: Jul 05 13:56 MSK
Output:
----------------------------------------------------------
[doctest] doctest version is "2.4.11"
[doctest] run with "--help" for options
===============================================================================
[doctest] test cases: 1 | 1 passed | 0 failed | 184 skipped
[doctest] assertions: 4 | 4 passed | 0 failed |
[doctest] Status: SUCCESS!
<end of output>
Test time =   0.02 sec
----------------------------------------------------------
Test Passed.
"a friendly-target spell freezes your own creature" end time: Jul 05 13:56 MSK
"a friendly-target spell freezes your own creature" time elapsed: 00:00:00
----------------------------------------------------------

185/191 Testing: an any-target spell can hit your own creature
185/191 Test: an any-target spell can hit your own creature
Command: "/home/temikgo/main/MyFiles/junk/prism/build-debug/engine/prism_tests" "--test-case=an any-target spell can hit your own creature"
Directory: /home/temikgo/main/MyFiles/junk/prism/build-debug/engine
"an any-target spell can hit your own creature" start time: Jul 05 13:56 MSK
Output:
----------------------------------------------------------
[doctest] doctest version is "2.4.11"
[doctest] run with "--help" for options
===============================================================================
[doctest] test cases: 1 | 1 passed | 0 failed | 184 skipped
[doctest] assertions: 3 | 3 passed | 0 failed |
[doctest] Status: SUCCESS!
<end of output>
Test time =   0.01 sec
----------------------------------------------------------
Test Passed.
"an any-target spell can hit your own creature" end time: Jul 05 13:56 MSK
"an any-target spell can hit your own creature" time elapsed: 00:00:00
----------------------------------------------------------

186/191 Testing: a creature can be placed at a chosen board slot
186/191 Test: a creature can be placed at a chosen board slot
Command: "/home/temikgo/main/MyFiles/junk/prism/build-debug/engine/prism_tests" "--test-case=a creature can be placed at a chosen board slot"
Directory: /home/temikgo/main/MyFiles/junk/prism/build-debug/engine
"a creature can be placed at a chosen board slot" start time: Jul 05 13:56 MSK
Output:
----------------------------------------------------------
[doctest] doctest version is "2.4.11"
[doctest] run with "--help" for options
===============================================================================
[doctest] test cases:  1 |  1 passed | 0 failed | 184 skipped
[doctest] assertions: 10 | 10 passed | 0 failed |
[doctest] Status: SUCCESS!
<end of output>
Test time =   0.01 sec
----------------------------------------------------------
Test Passed.
"a creature can be placed at a chosen board slot" end time: Jul 05 13:56 MSK
"a creature can be placed at a chosen board slot" time elapsed: 00:00:00
----------------------------------------------------------

187/191 Testing: a positioned summon inserts there
187/191 Test: a positioned summon inserts there
Command: "/home/temikgo/main/MyFiles/junk/prism/build-debug/engine/prism_tests" "--test-case=a positioned summon inserts there"
Directory: /home/temikgo/main/MyFiles/junk/prism/build-debug/engine
"a positioned summon inserts there" start time: Jul 05 13:56 MSK
Output:
----------------------------------------------------------
[doctest] doctest version is "2.4.11"
[doctest] run with "--help" for options
===============================================================================
[doctest] test cases: 0 | 0 passed | 0 failed | 185 skipped
[doctest] assertions: 0 | 0 passed | 0 failed |
[doctest] Status: SUCCESS!
<end of output>
Test time =   0.00 sec
----------------------------------------------------------
Test Passed.
"a positioned summon inserts there" end time: Jul 05 13:56 MSK
"a positioned summon inserts there" time elapsed: 00:00:00
----------------------------------------------------------

188/191 Testing:  its split tokens sit beside it
188/191 Test:  its split tokens sit beside it
Command: "/home/temikgo/main/MyFiles/junk/prism/build-debug/engine/prism_tests" "--test-case= its split tokens sit beside it"
Directory: /home/temikgo/main/MyFiles/junk/prism/build-debug/engine
" its split tokens sit beside it" start time: Jul 05 13:56 MSK
Output:
----------------------------------------------------------
[doctest] doctest version is "2.4.11"
[doctest] run with "--help" for options
===============================================================================
[doctest] test cases: 0 | 0 passed | 0 failed | 185 skipped
[doctest] assertions: 0 | 0 passed | 0 failed |
[doctest] Status: SUCCESS!
<end of output>
Test time =   0.00 sec
----------------------------------------------------------
Test Passed.
" its split tokens sit beside it" end time: Jul 05 13:56 MSK
" its split tokens sit beside it" time elapsed: 00:00:00
----------------------------------------------------------

189/191 Testing: an enemy-target spell cannot hit your own creature
189/191 Test: an enemy-target spell cannot hit your own creature
Command: "/home/temikgo/main/MyFiles/junk/prism/build-debug/engine/prism_tests" "--test-case=an enemy-target spell cannot hit your own creature"
Directory: /home/temikgo/main/MyFiles/junk/prism/build-debug/engine
"an enemy-target spell cannot hit your own creature" start time: Jul 05 13:56 MSK
Output:
----------------------------------------------------------
[doctest] doctest version is "2.4.11"
[doctest] run with "--help" for options
===============================================================================
[doctest] test cases: 1 | 1 passed | 0 failed | 184 skipped
[doctest] assertions: 3 | 3 passed | 0 failed |
[doctest] Status: SUCCESS!
<end of output>
Test time =   0.01 sec
----------------------------------------------------------
Test Passed.
"an enemy-target spell cannot hit your own creature" end time: Jul 05 13:56 MSK
"an enemy-target spell cannot hit your own creature" time elapsed: 00:00:00
----------------------------------------------------------

190/191 Testing: deck validation rule (40 cards, <=2 copies, real non-hero ids)
190/191 Test: deck validation rule (40 cards, <=2 copies, real non-hero ids)
Command: "/home/temikgo/main/MyFiles/junk/prism/build-debug/engine/prism_tests" "--test-case=deck validation rule (40 cards\, <=2 copies\, real non-hero ids)"
Directory: /home/temikgo/main/MyFiles/junk/prism/build-debug/engine
"deck validation rule (40 cards, <=2 copies, real non-hero ids)" start time: Jul 05 13:56 MSK
Output:
----------------------------------------------------------
[doctest] doctest version is "2.4.11"
[doctest] run with "--help" for options
===============================================================================
[doctest] test cases: 1 | 1 passed | 0 failed | 184 skipped
[doctest] assertions: 7 | 7 passed | 0 failed |
[doctest] Status: SUCCESS!
<end of output>
Test time =   0.01 sec
----------------------------------------------------------
Test Passed.
"deck validation rule (40 cards, <=2 copies, real non-hero ids)" end time: Jul 05 13:56 MSK
"deck validation rule (40 cards, <=2 copies, real non-hero ids)" time elapsed: 00:00:00
----------------------------------------------------------

191/191 Testing: format_check
191/191 Test: format_check
Command: "/usr/local/llvm-20.1.0/bin/clang-format" "--dry-run" "--Werror" "/home/temikgo/main/MyFiles/junk/prism/engine/../server/src/main.cpp" "/home/temikgo/main/MyFiles/junk/prism/engine/../server/src/ws.hpp" "/home/temikgo/main/MyFiles/junk/prism/engine/include/prism/bot.hpp" "/home/temikgo/main/MyFiles/junk/prism/engine/include/prism/card.hpp" "/home/temikgo/main/MyFiles/junk/prism/engine/include/prism/deck.hpp" "/home/temikgo/main/MyFiles/junk/prism/engine/include/prism/game.hpp" "/home/temikgo/main/MyFiles/junk/prism/engine/include/prism/protocol.hpp" "/home/temikgo/main/MyFiles/junk/prism/engine/include/prism/types.hpp" "/home/temikgo/main/MyFiles/junk/prism/engine/src/bot.cpp" "/home/temikgo/main/MyFiles/junk/prism/engine/src/card.cpp" "/home/temikgo/main/MyFiles/junk/prism/engine/src/deck.cpp" "/home/temikgo/main/MyFiles/junk/prism/engine/src/game.cpp" "/home/temikgo/main/MyFiles/junk/prism/engine/src/protocol.cpp" "/home/temikgo/main/MyFiles/junk/prism/engine/src/serialize.cpp" "/home/temikgo/main/MyFiles/junk/prism/engine/tests/tests.cpp" "/home/temikgo/main/MyFiles/junk/prism/engine/tools/replay.cpp" "/home/temikgo/main/MyFiles/junk/prism/engine/tools/selfplay.cpp"
Directory: /home/temikgo/main/MyFiles/junk/prism/build-debug/engine
"format_check" start time: Jul 05 13:56 MSK
Output:
----------------------------------------------------------
<end of output>
Test time =   0.19 sec
----------------------------------------------------------
Test Passed.
"format_check" end time: Jul 05 13:56 MSK
"format_check" time elapsed: 00:00:00
----------------------------------------------------------

End testing: Jul 05 13:56 MSK
